TN:
SF:src/api/pullTranslationContent.ts
FNF:3
FNH:2
DA:11,40
DA:12,9
DA:13,19
DA:17,3
DA:18,9
DA:19,29
DA:20,64
DA:21,7
DA:22,21
DA:23,18
DA:24,40
DA:25,8
DA:26,30
DA:27,12
DA:28,6
DA:29,1
DA:30,6
DA:32,24
DA:33,57
DA:34,14
DA:35,51
DA:36,13
DA:37,8
DA:38,62
DA:39,4
DA:42,42
DA:43,28
DA:44,78
DA:45,64
DA:46,4
DA:49,19
DA:50,73
DA:51,4
DA:52,20
DA:53,17
DA:54,74
DA:55,10
LF:37
LH:37
end_of_record
TN:
SF:src/api/sendTranslationRequest.ts
FNF:3
FNH:2
DA:8,33
DA:9,10
DA:10,17
DA:11,9
DA:12,12
DA:13,17
DA:20,3
DA:21,9
DA:22,50
DA:24,29
DA:25,56
DA:26,7
DA:27,21
DA:28,18
DA:29,40
DA:30,8
DA:31,30
DA:32,16
DA:33,23
DA:34,15
DA:35,18
DA:36,18
DA:37,6
DA:38,1
DA:39,6
DA:41,24
DA:42,57
DA:43,35
DA:44,37
DA:45,52
DA:46,6
DA:47,37
DA:48,16
DA:49,64
DA:50,1
DA:51,6
DA:52,37
DA:53,16
DA:54,68
DA:55,1
DA:56,6
DA:57,16
DA:58,58
DA:59,45
DA:61,1
DA:62,3
DA:63,19
DA:64,63
DA:65,14
DA:69,37
LF:50
LH:50
end_of_record
TN:
SF:src/api/uploadTranslationContent.ts
FNF:3
FNH:2
DA:4,42
DA:5,9
DA:6,17
DA:7,10
DA:8,14
DA:14,3
DA:15,9
DA:16,29
DA:17,53
DA:18,7
DA:19,21
DA:20,18
DA:21,40
DA:22,8
DA:23,30
DA:24,15
DA:25,23
DA:26,16
DA:27,15
DA:28,6
DA:29,1
DA:30,6
DA:32,24
DA:33,42
DA:34,14
DA:35,70
DA:36,5
DA:37,8
DA:38,64
DA:39,4
DA:41,46
DA:42,55
DA:43,63
DA:44,31
DA:45,12
DA:46,74
DA:47,6
DA:48,4
DA:49,35
DA:50,12
DA:51,119
DA:52,6
DA:53,4
DA:54,79
DA:55,48
DA:56,17
DA:57,14
DA:58,66
DA:59,3
DA:60,6
DA:61,10
LF:51
LH:51
end_of_record
TN:
SF:src/cli/generateCommand.ts
FNF:3
FNH:3
DA:1,36
DA:2,75
DA:3,65
DA:5,75
DA:6,52
DA:7,54
DA:8,83
DA:9,87
DA:11,11
DA:12,46
DA:13,32
DA:15,31
DA:16,46
DA:19,46
DA:20,66
DA:22,42
DA:23,46
DA:24,24
DA:25,13
DA:26,8
DA:27,60
DA:28,4
DA:30,11
DA:32,40
DA:33,30
DA:34,47
DA:35,40
DA:36,21
DA:37,8
DA:38,19
DA:39,14
DA:40,69
DA:41,3
DA:42,8
DA:43,24
DA:47,46
DA:48,34
DA:49,30
DA:50,31
DA:51,44
DA:52,45
DA:53,7
DA:54,4
DA:57,39
DA:58,19
DA:59,0
DA:60,0
DA:61,0
DA:62,0
DA:63,6
DA:65,44
DA:66,2
DA:67,18
DA:68,2
DA:69,8
DA:70,12
DA:71,66
DA:72,8
DA:73,35
DA:74,30
DA:75,31
DA:76,48
DA:77,36
DA:78,44
DA:79,30
DA:80,36
DA:81,42
DA:82,69
DA:83,7
DA:84,3
DA:85,4
DA:87,18
LF:72
LH:68
end_of_record
TN:
SF:src/cli/generateTypesCommand.ts
FNF:3
FNH:3
DA:1,36
DA:3,52
DA:4,54
DA:5,83
DA:6,87
DA:9,11
DA:10,57
DA:11,37
DA:13,36
DA:14,46
DA:16,46
DA:17,66
DA:19,11
DA:20,46
DA:21,24
DA:22,13
DA:23,8
DA:24,60
DA:25,0
DA:26,0
DA:27,3
DA:29,4
DA:31,23
LF:23
LH:21
end_of_record
TN:
SF:src/cli/getMergedConfig.ts
FNF:3
FNH:3
DA:2,58
DA:4,6
DA:5,11
DA:10,3
DA:11,19
DA:12,71
DA:13,50
DA:16,19
DA:17,30
DA:18,74
DA:19,2
DA:22,20
DA:23,63
DA:24,17
DA:25,69
DA:26,58
DA:27,15
DA:28,66
DA:29,51
DA:30,29
DA:31,54
DA:32,53
DA:33,49
DA:34,51
DA:35,60
DA:36,66
DA:37,4
DA:39,13
LF:28
LH:28
end_of_record
TN:
SF:src/cli/loadConfig.ts
FNF:4
FNH:4
DA:1,38
DA:2,29
DA:3,41
DA:4,29
DA:6,62
DA:7,69
DA:13,37
DA:14,61
DA:15,36
DA:16,28
DA:17,13
DA:18,81
DA:19,6
DA:20,50
DA:21,2
DA:22,19
DA:32,65
DA:33,42
DA:35,9
DA:36,50
DA:38,41
DA:39,28
DA:40,4
DA:42,40
DA:43,50
DA:44,77
DA:45,55
DA:46,36
DA:47,4
DA:49,68
DA:50,36
DA:51,19
DA:52,73
DA:53,20
DA:57,25
LF:35
LH:35
end_of_record
TN:
SF:src/cli/pullCommand.ts
FNF:3
FNH:3
DA:1,36
DA:3,71
DA:4,73
DA:5,52
DA:6,54
DA:8,11
DA:9,38
DA:10,28
DA:12,27
DA:13,46
DA:15,55
DA:17,11
DA:18,65
DA:19,27
DA:20,9
DA:22,31
DA:23,27
DA:24,30
DA:25,44
DA:26,75
DA:27,45
DA:28,9
DA:30,42
DA:31,19
DA:32,63
DA:33,23
DA:35,4
DA:37,14
LF:28
LH:28
end_of_record
TN:
SF:src/cli/pushCommand.ts
FNF:3
FNH:3
DA:1,36
DA:2,75
DA:3,69
DA:5,52
DA:6,54
DA:7,83
DA:9,11
DA:10,38
DA:11,28
DA:13,27
DA:14,46
DA:16,27
DA:17,47
DA:18,50
DA:20,26
DA:21,51
DA:22,20
DA:23,4
DA:25,102
DA:27,49
DA:28,56
DA:29,18
DA:31,46
DA:34,47
DA:35,15
DA:36,75
DA:37,58
DA:40,13
DA:41,0
DA:42,0
DA:43,6
DA:45,51
DA:47,13
DA:48,42
DA:49,32
DA:50,31
DA:51,18
DA:52,17
DA:53,9
DA:54,0
DA:55,4
DA:57,4
DA:59,40
DA:60,4
DA:62,14
LF:45
LH:42
end_of_record
TN:
SF:src/helpers/extractTranslateSheetObjects.ts
FNF:11
FNH:9
DA:1,0
DA:2,17
DA:3,29
DA:4,40
DA:5,40
DA:6,34
DA:7,59
DA:12,16
DA:13,32
DA:18,70
DA:19,61
DA:20,64
DA:22,35
DA:24,27
DA:25,47
DA:26,18
DA:31,26
DA:34,31
DA:35,36
DA:36,32
DA:41,26
DA:42,21
DA:43,7
DA:44,31
DA:45,38
DA:46,32
DA:47,36
DA:48,37
DA:49,5
DA:50,31
DA:51,2
DA:52,16
DA:57,36
DA:58,50
DA:59,63
DA:60,0
DA:61,2
DA:62,12
DA:69,1
DA:70,6
DA:71,6
DA:72,3
DA:73,32
DA:74,0
DA:75,0
DA:76,0
DA:77,0
DA:78,0
DA:79,0
DA:80,2
DA:86,21
DA:87,9
DA:88,9
DA:89,3
DA:90,52
DA:91,54
DA:92,0
DA:93,0
DA:94,0
DA:95,0
DA:96,0
DA:97,0
DA:98,2
DA:101,24
DA:102,6
DA:103,9
DA:104,3
DA:105,20
DA:107,40
DA:108,35
DA:109,5
DA:110,77
DA:111,6
DA:112,4
DA:113,31
DA:114,6
DA:115,4
DA:116,27
DA:117,0
DA:118,0
DA:119,0
DA:120,0
DA:121,0
DA:122,0
DA:123,4
DA:124,47
DA:126,18
DA:127,0
DA:128,0
DA:129,0
DA:130,0
DA:131,0
DA:132,0
DA:133,4
DA:135,46
DA:137,37
DA:139,49
DA:140,33
DA:141,33
DA:142,8
DA:143,4
DA:144,39
DA:145,50
DA:146,8
DA:147,4
DA:149,5
DA:150,111
DA:151,7
DA:152,4
DA:153,4
DA:154,4
DA:155,2
DA:157,15
DA:169,44
DA:170,40
DA:171,63
DA:173,26
DA:174,38
DA:176,30
DA:177,40
DA:178,49
DA:179,66
DA:181,54
DA:185,63
DA:187,12
DA:188,11
DA:189,36
DA:190,34
DA:191,41
DA:192,40
DA:193,42
DA:194,20
DA:195,23
DA:196,16
DA:197,30
DA:198,28
DA:199,29
DA:200,23
DA:201,7
DA:202,7
DA:203,0
DA:204,0
DA:205,0
DA:206,0
DA:208,0
DA:209,4
DA:212,20
DA:213,20
DA:214,58
DA:215,70
DA:216,80
DA:217,74
DA:219,20
DA:220,0
DA:221,0
DA:222,0
DA:223,0
DA:224,0
DA:225,0
DA:226,8
DA:228,38
DA:229,18
DA:230,27
DA:231,5
DA:232,71
DA:233,7
DA:234,16
DA:235,4
DA:236,10
DA:238,39
DA:239,57
DA:241,77
DA:242,65
DA:244,40
DA:245,39
DA:246,52
DA:247,8
DA:248,64
DA:250,64
DA:251,39
DA:252,14
DA:253,84
DA:254,42
DA:255,18
DA:256,14
DA:257,26
DA:258,10
DA:259,50
DA:260,45
DA:261,10
DA:263,5
DA:264,2
DA:266,21
DA:269,43
LF:194
LH:157
end_of_record
TN:
SF:src/helpers/flattenContent.ts
FNF:1
FNH:1
DA:7,22
DA:8,12
DA:9,3
DA:10,17
DA:11,61
DA:12,55
DA:13,43
DA:14,33
DA:15,2
DA:16,2
DA:17,12
DA:20,29
LF:12
LH:12
end_of_record
TN:
SF:src/helpers/flattenTranslation.ts
FNF:2
FNH:2
DA:8,58
DA:10,71
DA:11,10
DA:12,2
DA:14,18
DA:15,38
DA:16,27
DA:17,50
DA:18,80
DA:19,66
DA:20,13
DA:21,29
DA:23,4
DA:24,14
LF:14
LH:14
end_of_record
TN:
SF:src/helpers/formatAsJSON.ts
FNF:1
FNH:1
DA:5,35
DA:6,41
DA:9,27
LF:3
LH:3
end_of_record
TN:
SF:src/helpers/formatAsJavaScript.ts
FNF:3
FNH:3
DA:1,50
DA:7,26
DA:8,9
DA:9,19
DA:10,3
DA:12,61
DA:14,21
DA:15,5
DA:16,15
DA:17,5
DA:18,27
DA:19,28
DA:21,61
DA:24,23
DA:25,52
DA:26,61
DA:27,27
DA:29,65
DA:30,2
DA:31,11
DA:34,45
DA:36,94
DA:39,33
LF:23
LH:23
end_of_record
TN:
SF:src/helpers/formatAsTypeScript.ts
FNF:3
FNH:3
DA:1,50
DA:7,26
DA:8,9
DA:9,19
DA:10,3
DA:12,61
DA:14,21
DA:15,5
DA:16,15
DA:17,5
DA:18,27
DA:19,28
DA:21,61
DA:24,23
DA:25,52
DA:26,61
DA:27,27
DA:29,65
DA:30,2
DA:31,11
DA:34,45
DA:36,72
DA:38,92
DA:41,33
LF:24
LH:24
end_of_record
TN:
SF:src/helpers/formatTranslatedContent.ts
FNF:1
FNH:1
DA:1,42
DA:2,54
DA:3,54
DA:5,63
DA:7,34
DA:8,16
DA:9,20
DA:10,17
DA:11,15
DA:17,3
DA:19,36
DA:20,169
DA:21,131
DA:24,34
DA:25,162
DA:26,124
DA:29,27
DA:30,40
DA:31,67
DA:32,2
DA:35,35
DA:37,24
DA:38,52
DA:39,17
DA:40,6
DA:41,29
DA:42,39
DA:43,72
DA:44,35
DA:45,39
DA:46,72
DA:47,35
DA:48,11
DA:49,65
DA:53,38
LF:35
LH:35
end_of_record
TN:
SF:src/helpers/generateTranslationTypesFile.ts
FNF:5
FNH:5
DA:1,25
DA:2,28
DA:11,9
DA:12,20
DA:13,27
DA:14,27
DA:15,80
DA:17,44
DA:19,28
DA:20,0
DA:21,0
DA:22,0
DA:23,0
DA:24,0
DA:25,0
DA:26,0
DA:27,0
DA:28,0
DA:29,0
DA:30,0
DA:32,0
DA:33,15
DA:35,51
DA:36,0
DA:37,17
DA:38,39
DA:41,13
DA:43,37
DA:44,37
DA:45,29
DA:46,48
DA:47,32
DA:48,40
DA:49,32
DA:50,19
DA:51,71
DA:52,31
DA:53,12
DA:54,42
DA:56,6
DA:57,15
DA:58,32
DA:61,2
DA:62,13
DA:71,9
DA:72,45
DA:83,26
DA:84,42
DA:85,38
DA:86,25
DA:87,0
DA:88,2
DA:89,48
DA:90,52
DA:91,16
DA:92,80
DA:93,71
DA:94,13
DA:95,27
DA:97,46
DA:98,4
DA:99,60
DA:111,6
DA:112,24
DA:113,8
DA:114,36
DA:115,3
DA:117,64
DA:118,76
DA:119,191
DA:123,20
DA:125,44
DA:126,47
DA:127,51
DA:128,15
LF:75
LH:61
end_of_record
TN:
SF:src/helpers/loadTranslationFile.ts
FNF:2
FNH:2
DA:1,29
DA:2,25
DA:3,41
DA:21,6
DA:22,9
DA:23,3
DA:24,9
DA:25,48
DA:27,40
DA:28,68
DA:29,11
DA:30,4
DA:32,38
DA:34,56
DA:35,22
DA:36,42
DA:38,56
DA:39,65
DA:40,25
DA:41,42
DA:43,13
DA:44,104
DA:45,8
DA:46,11
DA:47,13
DA:48,84
DA:49,12
DA:51,17
DA:52,82
DA:53,11
LF:30
LH:30
end_of_record
TN:
SF:src/helpers/requestTranslations.ts
FNF:9
FNH:9
DA:1,67
DA:2,71
DA:3,25
DA:4,29
DA:6,50
DA:7,64
DA:8,46
DA:10,30
DA:11,31
DA:13,56
DA:15,19
DA:16,24
DA:17,9
DA:18,3
DA:19,20
DA:20,43
DA:21,61
DA:22,47
DA:23,54
DA:24,33
DA:25,2
DA:26,15
DA:29,23
DA:30,17
DA:31,17
DA:32,3
DA:33,26
DA:34,16
DA:35,51
DA:36,42
DA:37,74
DA:38,2
DA:39,14
DA:42,26
DA:43,9
DA:44,17
DA:45,17
DA:50,3
DA:51,31
DA:52,36
DA:53,21
DA:55,53
DA:56,34
DA:57,71
DA:58,50
DA:59,65
DA:61,46
DA:62,84
DA:63,22
DA:64,0
DA:66,0
DA:67,0
DA:68,0
DA:69,0
DA:70,0
DA:72,0
DA:73,0
DA:74,0
DA:75,0
DA:76,2
DA:82,30
DA:83,9
DA:84,25
DA:85,18
DA:86,12
DA:87,16
DA:88,9
DA:89,12
DA:90,15
DA:91,32
DA:94,3
DA:95,19
DA:96,21
DA:98,27
DA:99,40
DA:100,41
DA:102,28
DA:103,71
DA:104,17
DA:105,69
DA:106,6
DA:107,68
DA:108,11
DA:109,68
DA:112,62
DA:113,63
DA:114,11
DA:115,14
DA:116,5
DA:118,57
DA:119,50
DA:120,63
DA:121,11
DA:122,62
DA:123,72
DA:124,51
DA:125,54
DA:126,8
DA:128,28
DA:130,38
DA:131,12
DA:132,97
DA:133,10
DA:134,35
DA:135,15
DA:136,12
DA:137,82
DA:138,56
DA:140,10
DA:141,72
DA:142,40
DA:143,26
DA:144,25
DA:145,17
DA:146,20
DA:147,20
DA:148,11
DA:150,53
DA:151,17
DA:152,25
DA:153,20
DA:154,15
DA:157,58
DA:158,22
DA:159,26
DA:160,20
DA:161,9
DA:163,78
DA:164,60
DA:165,68
DA:167,78
DA:168,64
DA:169,0
DA:170,0
DA:171,0
DA:172,0
DA:173,2
DA:175,2
DA:178,24
DA:179,40
DA:182,53
DA:188,32
DA:189,8
DA:190,43
DA:191,4
DA:192,57
DA:193,12
DA:194,95
DA:195,5
DA:198,34
LF:150
LH:136
end_of_record
TN:
SF:src/helpers/sanitizeLanguage.ts
FNF:1
FNH:1
DA:1,57
DA:3,31
LF:2
LH:2
end_of_record
TN:
SF:src/helpers/unflattenTranslation.ts
FNF:1
FNH:1
DA:1,6
DA:2,9
DA:3,3
DA:4,20
DA:5,35
DA:6,36
DA:8,4
DA:9,32
DA:10,35
DA:11,30
DA:12,7
DA:13,13
DA:14,39
DA:15,15
DA:18,4
DA:19,37
DA:20,25
DA:21,44
DA:22,28
DA:23,36
DA:24,31
DA:25,15
DA:26,67
DA:27,27
DA:28,8
DA:29,34
DA:31,2
DA:32,2
DA:33,13
LF:29
LH:29
end_of_record
TN:
SF:src/helpers/writePrimaryLanguageFile.ts
FNF:1
FNH:1
DA:1,25
DA:2,29
DA:4,64
DA:9,35
DA:10,9
DA:11,16
DA:12,18
DA:13,28
DA:16,3
DA:18,54
DA:19,18
DA:20,46
DA:21,36
DA:22,17
DA:23,5
DA:26,75
DA:29,56
DA:30,63
DA:33,39
LF:19
LH:19
end_of_record
TN:
SF:src/helpers/writeTranslationFiles.ts
FNF:1
FNH:1
DA:1,25
DA:2,29
DA:5,64
DA:10,9
DA:11,21
DA:12,9
DA:13,16
DA:14,33
DA:15,18
DA:22,3
DA:23,27
DA:24,43
DA:25,44
DA:27,70
DA:28,4
DA:29,50
DA:30,25
DA:31,7
DA:32,58
DA:33,22
DA:34,35
DA:35,26
DA:36,9
DA:38,68
DA:40,60
DA:41,44
DA:42,2
DA:43,1
LF:28
LH:28
end_of_record
TN:
SF:src/lib/TranslateSheet.ts
FNF:11
FNH:11
DA:1,27
DA:3,66
DA:4,77
DA:54,34
DA:55,30
DA:56,30
DA:57,3
DA:59,29
DA:64,29
DA:66,34
DA:67,23
DA:68,30
DA:69,2
DA:72,1
DA:73,11
DA:74,14
DA:75,16
DA:76,3
DA:77,23
DA:79,47
DA:81,57
DA:82,47
DA:83,36
DA:85,37
DA:86,34
DA:87,17
DA:88,9
DA:89,22
DA:90,11
DA:93,25
DA:94,51
DA:95,19
DA:96,13
DA:97,99
DA:98,6
DA:99,25
DA:100,34
DA:101,23
DA:103,22
DA:106,4
DA:107,26
DA:108,42
DA:109,13
DA:110,21
DA:111,17
DA:112,40
DA:113,1
DA:114,10
DA:116,40
DA:117,23
DA:118,30
DA:119,29
DA:120,9
DA:122,15
DA:124,49
DA:125,23
DA:127,4
DA:128,26
DA:129,42
DA:130,15
DA:131,12
DA:132,12
DA:133,46
DA:134,33
DA:135,12
DA:136,56
DA:137,31
DA:138,15
DA:139,56
DA:140,30
DA:142,13
DA:144,61
DA:146,68
DA:147,0
DA:148,3
DA:150,4
DA:152,32
DA:153,21
DA:154,32
DA:155,37
DA:156,28
DA:157,7
DA:159,3
DA:162,24
DA:167,1
DA:168,11
DA:169,14
DA:170,5
DA:171,52
DA:173,2
DA:175,29
LF:91
LH:90
end_of_record
TN:
SF:src/lib/hooks/useLanguageChange.ts
FNF:4
FNH:4
DA:1,44
DA:2,67
DA:5,40
DA:6,40
DA:8,20
DA:9,51
DA:10,46
DA:11,36
DA:12,3
DA:13,7
DA:16,32
LF:11
LH:11
end_of_record
TN:
SF:src/lib/utils/extractInterpolationKeys.ts
FNF:2
FNH:2
DA:1,43
DA:2,52
DA:3,48
DA:6,39
LF:4
LH:4
end_of_record
TN:
SF:src/lib/utils/languageChangeEmitter.ts
FNF:4
FNH:4
DA:2,32
DA:3,20
DA:4,8
DA:5,51
DA:7,16
DA:8,33
DA:9,19
DA:10,38
DA:11,7
DA:14,2
DA:16,36
LF:11
LH:11
end_of_record
TN:
SF:src/lib/utils/validateInterpolatedKeys.ts
FNF:3
FNH:3
DA:1,66
DA:3,32
DA:4,10
DA:5,12
DA:6,3
DA:7,58
DA:8,44
DA:10,78
DA:11,78
DA:13,58
DA:14,13
DA:15,56
DA:16,20
DA:17,46
DA:18,6
DA:19,20
DA:20,52
DA:21,2
DA:22,4
DA:23,3
DA:26,39
LF:21
LH:21
end_of_record
